mode: count
github.com/Kunde21/numgo/map.go:11.35,12.19 1 30
github.com/Kunde21/numgo/map.go:15.2,16.30 2 25
github.com/Kunde21/numgo/map.go:29.2,29.13 1 25
github.com/Kunde21/numgo/map.go:12.19,14.3 1 5
github.com/Kunde21/numgo/map.go:16.30,17.36 1 43
github.com/Kunde21/numgo/map.go:17.36,18.26 1 79
github.com/Kunde21/numgo/map.go:18.26,19.20 1 3
github.com/Kunde21/numgo/map.go:24.5,25.8 2 3
github.com/Kunde21/numgo/map.go:19.20,21.6 1 1
github.com/Kunde21/numgo/map.go:21.6,23.6 1 2
github.com/Kunde21/numgo/map.go:34.58,35.14 1 5
github.com/Kunde21/numgo/map.go:39.2,39.20 1 5
github.com/Kunde21/numgo/map.go:42.2,49.25 6 5
github.com/Kunde21/numgo/map.go:57.2,60.25 4 5
github.com/Kunde21/numgo/map.go:65.2,68.26 4 5
github.com/Kunde21/numgo/map.go:79.2,79.56 1 5
github.com/Kunde21/numgo/map.go:83.2,83.48 1 5
github.com/Kunde21/numgo/map.go:87.2,91.55 4 5
github.com/Kunde21/numgo/map.go:138.2,143.42 5 5
github.com/Kunde21/numgo/map.go:157.2,158.42 2 5
github.com/Kunde21/numgo/map.go:162.2,164.16 2 5
github.com/Kunde21/numgo/map.go:35.14,37.3 1 0
github.com/Kunde21/numgo/map.go:39.20,41.3 1 0
github.com/Kunde21/numgo/map.go:49.25,52.19 3 10
github.com/Kunde21/numgo/map.go:52.19,54.4 1 8
github.com/Kunde21/numgo/map.go:60.25,62.3 1 10
github.com/Kunde21/numgo/map.go:68.26,69.29 1 10
github.com/Kunde21/numgo/map.go:69.29,70.37 1 44
github.com/Kunde21/numgo/map.go:70.37,72.5 1 2
github.com/Kunde21/numgo/map.go:72.5,72.21 1 42
github.com/Kunde21/numgo/map.go:72.21,74.5 1 8
github.com/Kunde21/numgo/map.go:79.56,81.3 1 6
github.com/Kunde21/numgo/map.go:83.48,85.3 1 2
github.com/Kunde21/numgo/map.go:91.55,96.50 2 7
github.com/Kunde21/numgo/map.go:96.50,100.52 1 96
github.com/Kunde21/numgo/map.go:121.4,123.29 2 96
github.com/Kunde21/numgo/map.go:100.52,105.28 3 600
github.com/Kunde21/numgo/map.go:105.28,106.29 1 1200
github.com/Kunde21/numgo/map.go:110.6,110.21 1 1200
github.com/Kunde21/numgo/map.go:106.29,109.7 1 137
github.com/Kunde21/numgo/map.go:110.21,114.7 3 109
github.com/Kunde21/numgo/map.go:123.29,124.22 1 121
github.com/Kunde21/numgo/map.go:128.5,128.38 1 121
github.com/Kunde21/numgo/map.go:124.22,127.6 1 10
github.com/Kunde21/numgo/map.go:128.38,132.6 3 2
github.com/Kunde21/numgo/map.go:143.42,145.26 2 20
github.com/Kunde21/numgo/map.go:151.3,151.11 1 20
github.com/Kunde21/numgo/map.go:145.26,146.14 1 34
github.com/Kunde21/numgo/map.go:146.14,148.10 2 10
github.com/Kunde21/numgo/map.go:151.11,154.4 2 10
github.com/Kunde21/numgo/map.go:158.42,161.3 2 10
github.com/Kunde21/numgo/map.go:171.62,172.18 1 0
github.com/Kunde21/numgo/map.go:175.2,175.14 1 0
github.com/Kunde21/numgo/map.go:180.2,181.20 2 0
github.com/Kunde21/numgo/map.go:185.2,194.55 5 0
github.com/Kunde21/numgo/map.go:199.2,199.55 1 0
github.com/Kunde21/numgo/map.go:204.2,206.12 3 0
github.com/Kunde21/numgo/map.go:172.18,174.3 1 0
github.com/Kunde21/numgo/map.go:175.14,178.3 2 0
github.com/Kunde21/numgo/map.go:181.20,183.3 1 0
github.com/Kunde21/numgo/map.go:194.55,195.21 1 0
github.com/Kunde21/numgo/map.go:195.21,197.4 1 0
github.com/Kunde21/numgo/map.go:199.55,202.3 2 0
github.com/Kunde21/numgo/map.go:212.60,213.18 1 5
github.com/Kunde21/numgo/map.go:216.2,216.14 1 5
github.com/Kunde21/numgo/map.go:221.2,222.20 2 5
github.com/Kunde21/numgo/map.go:226.2,227.56 2 5
github.com/Kunde21/numgo/map.go:230.2,231.12 2 5
github.com/Kunde21/numgo/map.go:213.18,215.3 1 0
github.com/Kunde21/numgo/map.go:216.14,219.3 2 0
github.com/Kunde21/numgo/map.go:222.20,224.3 1 0
github.com/Kunde21/numgo/map.go:227.56,229.3 1 96
github.com/Kunde21/numgo/numgo.go:21.39,24.26 3 38
github.com/Kunde21/numgo/numgo.go:33.2,39.42 6 38
github.com/Kunde21/numgo/numgo.go:43.2,44.8 2 38
github.com/Kunde21/numgo/numgo.go:24.26,25.12 1 53
github.com/Kunde21/numgo/numgo.go:29.3,30.20 2 53
github.com/Kunde21/numgo/numgo.go:25.12,28.4 2 0
github.com/Kunde21/numgo/numgo.go:39.42,42.3 2 53
github.com/Kunde21/numgo/numgo.go:48.42,51.26 3 15
github.com/Kunde21/numgo/numgo.go:60.2,66.42 6 15
github.com/Kunde21/numgo/numgo.go:70.2,71.8 2 15
github.com/Kunde21/numgo/numgo.go:51.26,52.12 1 44
github.com/Kunde21/numgo/numgo.go:56.3,57.20 2 44
github.com/Kunde21/numgo/numgo.go:52.12,55.4 2 0
github.com/Kunde21/numgo/numgo.go:66.42,69.3 2 44
github.com/Kunde21/numgo/numgo.go:76.50,78.14 2 2
github.com/Kunde21/numgo/numgo.go:81.2,82.8 2 2
github.com/Kunde21/numgo/numgo.go:78.14,80.3 1 0
github.com/Kunde21/numgo/numgo.go:85.53,87.14 2 7
github.com/Kunde21/numgo/numgo.go:90.2,91.8 2 7
github.com/Kunde21/numgo/numgo.go:87.14,89.3 1 0
github.com/Kunde21/numgo/numgo.go:95.38,100.18 3 0
github.com/Kunde21/numgo/numgo.go:103.2,103.23 1 0
github.com/Kunde21/numgo/numgo.go:107.2,109.82 2 0
github.com/Kunde21/numgo/numgo.go:136.2,136.8 1 0
github.com/Kunde21/numgo/numgo.go:100.18,102.3 1 0
github.com/Kunde21/numgo/numgo.go:103.23,105.3 1 0
github.com/Kunde21/numgo/numgo.go:109.82,112.31 2 0
github.com/Kunde21/numgo/numgo.go:118.3,122.31 4 0
github.com/Kunde21/numgo/numgo.go:128.3,129.38 2 0
github.com/Kunde21/numgo/numgo.go:112.31,113.40 1 0
github.com/Kunde21/numgo/numgo.go:113.40,115.5 1 0
github.com/Kunde21/numgo/numgo.go:122.31,123.49 1 0
github.com/Kunde21/numgo/numgo.go:123.49,125.5 1 0
github.com/Kunde21/numgo/numgo.go:129.38,131.18 2 0
github.com/Kunde21/numgo/numgo.go:131.18,133.5 1 0
github.com/Kunde21/numgo/numgo.go:145.42,148.19 2 31
github.com/Kunde21/numgo/numgo.go:169.2,170.60 2 31
github.com/Kunde21/numgo/numgo.go:173.2,173.8 1 31
github.com/Kunde21/numgo/numgo.go:149.2,150.13 1 0
github.com/Kunde21/numgo/numgo.go:151.2,152.19 1 26
github.com/Kunde21/numgo/numgo.go:157.2,158.24 1 1
github.com/Kunde21/numgo/numgo.go:161.3,161.33 1 1
github.com/Kunde21/numgo/numgo.go:162.2,163.77 1 4
github.com/Kunde21/numgo/numgo.go:166.3,166.48 1 4
github.com/Kunde21/numgo/numgo.go:152.19,154.4 1 0
github.com/Kunde21/numgo/numgo.go:154.4,156.4 1 26
github.com/Kunde21/numgo/numgo.go:158.24,160.4 1 0
github.com/Kunde21/numgo/numgo.go:163.77,165.4 1 0
github.com/Kunde21/numgo/numgo.go:170.60,172.3 1 8827
github.com/Kunde21/numgo/numgo.go:180.37,181.14 1 1
github.com/Kunde21/numgo/numgo.go:185.2,186.73 2 1
github.com/Kunde21/numgo/numgo.go:189.2,189.8 1 1
github.com/Kunde21/numgo/numgo.go:181.14,183.3 1 0
github.com/Kunde21/numgo/numgo.go:186.73,188.3 1 0
github.com/Kunde21/numgo/numgo.go:195.48,196.18 1 21
github.com/Kunde21/numgo/numgo.go:199.2,199.14 1 21
github.com/Kunde21/numgo/numgo.go:204.2,209.26 5 21
github.com/Kunde21/numgo/numgo.go:218.2,218.31 1 21
github.com/Kunde21/numgo/numgo.go:223.2,225.42 3 21
github.com/Kunde21/numgo/numgo.go:229.2,232.10 3 21
github.com/Kunde21/numgo/numgo.go:196.18,198.3 1 0
github.com/Kunde21/numgo/numgo.go:199.14,202.3 2 0
github.com/Kunde21/numgo/numgo.go:209.26,210.12 1 67
github.com/Kunde21/numgo/numgo.go:214.3,215.20 2 67
github.com/Kunde21/numgo/numgo.go:210.12,213.4 2 0
github.com/Kunde21/numgo/numgo.go:218.31,221.3 2 0
github.com/Kunde21/numgo/numgo.go:225.42,228.3 2 67
github.com/Kunde21/numgo/numgo.go:236.36,237.18 1 0
github.com/Kunde21/numgo/numgo.go:240.2,240.14 1 0
github.com/Kunde21/numgo/numgo.go:244.2,247.37 4 0
github.com/Kunde21/numgo/numgo.go:237.18,239.3 1 0
github.com/Kunde21/numgo/numgo.go:240.14,243.3 2 0
github.com/Kunde21/numgo/numgo.go:251.34,252.18 1 6
github.com/Kunde21/numgo/numgo.go:255.2,255.14 1 6
github.com/Kunde21/numgo/numgo.go:260.2,261.27 2 6
github.com/Kunde21/numgo/numgo.go:264.2,264.8 1 6
github.com/Kunde21/numgo/numgo.go:252.18,254.3 1 0
github.com/Kunde21/numgo/numgo.go:255.14,258.3 2 0
github.com/Kunde21/numgo/numgo.go:261.27,263.3 1 5520
github.com/Kunde21/numgo/numgo.go:268.42,269.18 1 1
github.com/Kunde21/numgo/numgo.go:272.2,272.14 1 1
github.com/Kunde21/numgo/numgo.go:276.2,276.32 1 1
github.com/Kunde21/numgo/numgo.go:281.2,282.26 2 1
github.com/Kunde21/numgo/numgo.go:288.2,288.20 1 1
github.com/Kunde21/numgo/numgo.go:269.18,271.3 1 0
github.com/Kunde21/numgo/numgo.go:272.14,275.3 2 0
github.com/Kunde21/numgo/numgo.go:276.32,279.3 2 0
github.com/Kunde21/numgo/numgo.go:282.26,283.29 1 1
github.com/Kunde21/numgo/numgo.go:286.3,286.36 1 1
github.com/Kunde21/numgo/numgo.go:283.29,285.4 1 0
github.com/Kunde21/numgo/numgo.go:293.61,294.18 1 6
github.com/Kunde21/numgo/numgo.go:297.2,297.14 1 4
github.com/Kunde21/numgo/numgo.go:301.2,301.34 1 4
github.com/Kunde21/numgo/numgo.go:305.2,306.26 2 2
github.com/Kunde21/numgo/numgo.go:313.2,313.68 1 2
github.com/Kunde21/numgo/numgo.go:294.18,296.3 1 2
github.com/Kunde21/numgo/numgo.go:297.14,300.3 2 0
github.com/Kunde21/numgo/numgo.go:301.34,304.3 2 2
github.com/Kunde21/numgo/numgo.go:306.26,307.29 1 2
github.com/Kunde21/numgo/numgo.go:311.3,311.36 1 2
github.com/Kunde21/numgo/numgo.go:307.29,310.4 2 0
github.com/Kunde21/numgo/numgo.go:317.53,318.31 1 2
github.com/Kunde21/numgo/numgo.go:323.2,324.26 2 2
github.com/Kunde21/numgo/numgo.go:332.2,335.8 3 2
github.com/Kunde21/numgo/numgo.go:318.31,321.3 2 0
github.com/Kunde21/numgo/numgo.go:324.26,325.29 1 2
github.com/Kunde21/numgo/numgo.go:329.3,329.36 1 2
github.com/Kunde21/numgo/numgo.go:325.29,328.4 2 0
github.com/Kunde21/numgo/summary.go:11.43,12.14 1 8
github.com/Kunde21/numgo/summary.go:16.2,16.20 1 8
github.com/Kunde21/numgo/summary.go:24.2,27.25 2 8
github.com/Kunde21/numgo/summary.go:34.2,36.42 3 8
github.com/Kunde21/numgo/summary.go:50.2,51.33 2 8
github.com/Kunde21/numgo/summary.go:68.2,72.30 4 8
github.com/Kunde21/numgo/summary.go:76.2,78.10 3 8
github.com/Kunde21/numgo/summary.go:12.14,14.3 1 0
github.com/Kunde21/numgo/summary.go:16.20,18.28 2 0
github.com/Kunde21/numgo/summary.go:21.3,21.22 1 0
github.com/Kunde21/numgo/summary.go:18.28,20.4 1 0
github.com/Kunde21/numgo/summary.go:27.25,28.32 1 17
github.com/Kunde21/numgo/summary.go:28.32,31.4 2 0
github.com/Kunde21/numgo/summary.go:36.42,38.26 2 33
github.com/Kunde21/numgo/summary.go:44.3,44.11 1 33
github.com/Kunde21/numgo/summary.go:38.26,39.14 1 62
github.com/Kunde21/numgo/summary.go:39.14,41.10 2 17
github.com/Kunde21/numgo/summary.go:44.11,47.4 2 16
github.com/Kunde21/numgo/summary.go:51.33,53.57 2 17
github.com/Kunde21/numgo/summary.go:61.3,62.37 2 17
github.com/Kunde21/numgo/summary.go:66.3,66.35 1 17
github.com/Kunde21/numgo/summary.go:53.57,54.34 1 225
github.com/Kunde21/numgo/summary.go:54.34,55.43 1 1791
github.com/Kunde21/numgo/summary.go:55.43,57.6 1 7843
github.com/Kunde21/numgo/summary.go:62.37,64.4 1 208
github.com/Kunde21/numgo/summary.go:72.30,75.3 2 16
github.com/Kunde21/numgo/summary.go:86.46,87.14 1 1
github.com/Kunde21/numgo/summary.go:91.2,91.38 1 1
github.com/Kunde21/numgo/summary.go:105.2,105.27 1 1
github.com/Kunde21/numgo/summary.go:87.14,89.3 1 0
github.com/Kunde21/numgo/summary.go:91.38,93.23 2 8
github.com/Kunde21/numgo/summary.go:99.3,99.11 1 8
github.com/Kunde21/numgo/summary.go:102.3,102.20 1 0
github.com/Kunde21/numgo/summary.go:93.23,94.22 1 120
github.com/Kunde21/numgo/summary.go:94.22,97.5 2 120
github.com/Kunde21/numgo/summary.go:99.11,101.4 1 8
github.com/Kunde21/numgo/summary.go:111.45,112.14 1 7
github.com/Kunde21/numgo/summary.go:115.2,115.20 1 7
github.com/Kunde21/numgo/summary.go:119.2,122.42 4 6
github.com/Kunde21/numgo/summary.go:137.2,137.37 1 6
github.com/Kunde21/numgo/summary.go:112.14,114.3 1 0
github.com/Kunde21/numgo/summary.go:115.20,117.3 1 1
github.com/Kunde21/numgo/summary.go:122.42,124.26 2 26
github.com/Kunde21/numgo/summary.go:130.3,130.11 1 26
github.com/Kunde21/numgo/summary.go:124.26,125.14 1 51
github.com/Kunde21/numgo/summary.go:125.14,127.10 2 13
github.com/Kunde21/numgo/summary.go:130.11,133.4 2 13
github.com/Kunde21/numgo/summary.go:133.4,135.4 1 13
github.com/Kunde21/numgo/summary.go:142.48,143.14 1 1
github.com/Kunde21/numgo/summary.go:146.2,146.38 1 1
github.com/Kunde21/numgo/summary.go:155.2,155.27 1 1
github.com/Kunde21/numgo/summary.go:143.14,145.3 1 0
github.com/Kunde21/numgo/summary.go:146.38,147.23 1 8
github.com/Kunde21/numgo/summary.go:152.3,152.11 1 8
github.com/Kunde21/numgo/summary.go:147.23,148.22 1 120
github.com/Kunde21/numgo/summary.go:148.22,150.5 1 120
github.com/Kunde21/numgo/summary.go:160.44,163.2 2 2
github.com/Kunde21/numgo/summary.go:167.47,170.2 2 1
github.com/Kunde21/numgo/arithmetic.go:11.41,13.9 2 4
github.com/Kunde21/numgo/arithmetic.go:20.2,25.33 4 4
github.com/Kunde21/numgo/arithmetic.go:29.2,29.70 1 3
github.com/Kunde21/numgo/arithmetic.go:35.2,37.27 3 3
github.com/Kunde21/numgo/arithmetic.go:45.2,45.27 1 3
github.com/Kunde21/numgo/arithmetic.go:48.2,48.10 1 3
github.com/Kunde21/numgo/arithmetic.go:14.2,15.13 1 0
github.com/Kunde21/numgo/arithmetic.go:16.2,18.13 2 0
github.com/Kunde21/numgo/arithmetic.go:25.33,28.3 2 1
github.com/Kunde21/numgo/arithmetic.go:29.70,30.31 1 4
github.com/Kunde21/numgo/arithmetic.go:30.31,33.4 2 0
github.com/Kunde21/numgo/arithmetic.go:37.27,38.18 1 6
github.com/Kunde21/numgo/arithmetic.go:38.18,39.29 1 6
github.com/Kunde21/numgo/arithmetic.go:42.4,42.26 1 6
github.com/Kunde21/numgo/arithmetic.go:39.29,41.5 1 60
github.com/Kunde21/numgo/arithmetic.go:45.27,47.3 1 6
github.com/Kunde21/numgo/arithmetic.go:52.42,54.9 2 10
github.com/Kunde21/numgo/arithmetic.go:61.2,66.35 4 10
github.com/Kunde21/numgo/arithmetic.go:69.2,69.10 1 10
github.com/Kunde21/numgo/arithmetic.go:55.2,56.13 1 0
github.com/Kunde21/numgo/arithmetic.go:57.2,59.13 2 0
github.com/Kunde21/numgo/arithmetic.go:66.35,68.3 1 262
github.com/Kunde21/numgo/arithmetic.go:75.43,76.14 1 3
github.com/Kunde21/numgo/arithmetic.go:80.2,83.33 3 3
github.com/Kunde21/numgo/arithmetic.go:87.2,87.70 1 3
github.com/Kunde21/numgo/arithmetic.go:93.2,95.27 3 3
github.com/Kunde21/numgo/arithmetic.go:103.2,103.27 1 3
github.com/Kunde21/numgo/arithmetic.go:106.2,106.10 1 3
github.com/Kunde21/numgo/arithmetic.go:76.14,78.3 1 0
github.com/Kunde21/numgo/arithmetic.go:83.33,86.3 2 0
github.com/Kunde21/numgo/arithmetic.go:87.70,88.31 1 3
github.com/Kunde21/numgo/arithmetic.go:88.31,91.4 2 0
github.com/Kunde21/numgo/arithmetic.go:95.27,96.18 1 10
github.com/Kunde21/numgo/arithmetic.go:96.18,97.29 1 10
github.com/Kunde21/numgo/arithmetic.go:100.4,100.26 1 10
github.com/Kunde21/numgo/arithmetic.go:97.29,99.5 1 60
github.com/Kunde21/numgo/arithmetic.go:103.27,105.3 1 10
github.com/Kunde21/numgo/arithmetic.go:110.44,111.14 1 0
github.com/Kunde21/numgo/arithmetic.go:115.2,118.35 3 0
github.com/Kunde21/numgo/arithmetic.go:121.2,121.10 1 0
github.com/Kunde21/numgo/arithmetic.go:111.14,113.3 1 0
github.com/Kunde21/numgo/arithmetic.go:118.35,120.3 1 0
github.com/Kunde21/numgo/arithmetic.go:127.42,128.14 1 0
github.com/Kunde21/numgo/arithmetic.go:132.2,135.33 3 0
github.com/Kunde21/numgo/arithmetic.go:139.2,139.70 1 0
github.com/Kunde21/numgo/arithmetic.go:145.2,147.27 3 0
github.com/Kunde21/numgo/arithmetic.go:155.2,155.27 1 0
github.com/Kunde21/numgo/arithmetic.go:158.2,158.10 1 0
github.com/Kunde21/numgo/arithmetic.go:128.14,130.3 1 0
github.com/Kunde21/numgo/arithmetic.go:135.33,138.3 2 0
github.com/Kunde21/numgo/arithmetic.go:139.70,140.31 1 0
github.com/Kunde21/numgo/arithmetic.go:140.31,143.4 2 0
github.com/Kunde21/numgo/arithmetic.go:147.27,148.18 1 0
github.com/Kunde21/numgo/arithmetic.go:148.18,149.29 1 0
github.com/Kunde21/numgo/arithmetic.go:152.4,152.26 1 0
github.com/Kunde21/numgo/arithmetic.go:149.29,151.5 1 0
github.com/Kunde21/numgo/arithmetic.go:155.27,157.3 1 0
github.com/Kunde21/numgo/arithmetic.go:162.43,163.14 1 0
github.com/Kunde21/numgo/arithmetic.go:167.2,170.35 3 0
github.com/Kunde21/numgo/arithmetic.go:173.2,173.10 1 0
github.com/Kunde21/numgo/arithmetic.go:163.14,165.3 1 0
github.com/Kunde21/numgo/arithmetic.go:170.35,172.3 1 0
github.com/Kunde21/numgo/arithmetic.go:180.41,181.14 1 4
github.com/Kunde21/numgo/arithmetic.go:184.2,184.33 1 4
github.com/Kunde21/numgo/arithmetic.go:188.2,188.70 1 4
github.com/Kunde21/numgo/arithmetic.go:194.2,196.27 3 4
github.com/Kunde21/numgo/arithmetic.go:210.2,211.27 2 4
github.com/Kunde21/numgo/arithmetic.go:214.2,214.9 1 4
github.com/Kunde21/numgo/arithmetic.go:217.2,217.10 1 4
github.com/Kunde21/numgo/arithmetic.go:181.14,183.3 1 0
github.com/Kunde21/numgo/arithmetic.go:184.33,187.3 2 0
github.com/Kunde21/numgo/arithmetic.go:188.70,189.31 1 9
github.com/Kunde21/numgo/arithmetic.go:189.31,192.4 2 0
github.com/Kunde21/numgo/arithmetic.go:196.27,197.18 1 4
github.com/Kunde21/numgo/arithmetic.go:197.18,199.29 2 4
github.com/Kunde21/numgo/arithmetic.go:207.4,207.19 1 4
github.com/Kunde21/numgo/arithmetic.go:199.29,200.15 1 227
github.com/Kunde21/numgo/arithmetic.go:200.15,203.6 2 0
github.com/Kunde21/numgo/arithmetic.go:203.6,205.6 1 227
github.com/Kunde21/numgo/arithmetic.go:211.27,213.3 1 4
github.com/Kunde21/numgo/arithmetic.go:214.9,216.3 1 0
github.com/Kunde21/numgo/arithmetic.go:222.42,223.14 1 0
github.com/Kunde21/numgo/arithmetic.go:227.2,231.35 4 0
github.com/Kunde21/numgo/arithmetic.go:240.2,240.9 1 0
github.com/Kunde21/numgo/arithmetic.go:243.2,243.10 1 0
github.com/Kunde21/numgo/arithmetic.go:223.14,225.3 1 0
github.com/Kunde21/numgo/arithmetic.go:231.35,232.13 1 0
github.com/Kunde21/numgo/arithmetic.go:232.13,235.4 2 0
github.com/Kunde21/numgo/arithmetic.go:235.4,237.4 1 0
github.com/Kunde21/numgo/arithmetic.go:240.9,242.3 1 0
github.com/Kunde21/numgo/arithmetic.go:249.41,250.14 1 0
github.com/Kunde21/numgo/arithmetic.go:253.2,253.33 1 0
github.com/Kunde21/numgo/arithmetic.go:257.2,257.70 1 0
github.com/Kunde21/numgo/arithmetic.go:263.2,265.27 3 0
github.com/Kunde21/numgo/arithmetic.go:274.2,274.27 1 0
github.com/Kunde21/numgo/arithmetic.go:277.2,277.10 1 0
github.com/Kunde21/numgo/arithmetic.go:250.14,252.3 1 0
github.com/Kunde21/numgo/arithmetic.go:253.33,256.3 2 0
github.com/Kunde21/numgo/arithmetic.go:257.70,258.31 1 0
github.com/Kunde21/numgo/arithmetic.go:258.31,261.4 2 0
github.com/Kunde21/numgo/arithmetic.go:265.27,266.18 1 0
github.com/Kunde21/numgo/arithmetic.go:266.18,267.29 1 0
github.com/Kunde21/numgo/arithmetic.go:270.4,270.26 1 0
github.com/Kunde21/numgo/arithmetic.go:267.29,269.5 1 0
github.com/Kunde21/numgo/arithmetic.go:274.27,276.3 1 0
github.com/Kunde21/numgo/arithmetic.go:282.42,283.14 1 0
github.com/Kunde21/numgo/arithmetic.go:287.2,290.35 3 0
github.com/Kunde21/numgo/arithmetic.go:293.2,293.10 1 0
github.com/Kunde21/numgo/arithmetic.go:283.14,285.3 1 0
github.com/Kunde21/numgo/arithmetic.go:290.35,292.3 1 0
github.com/Kunde21/numgo/bool.go:20.40,23.26 3 15
github.com/Kunde21/numgo/bool.go:31.2,37.42 6 15
github.com/Kunde21/numgo/bool.go:41.2,42.8 2 15
github.com/Kunde21/numgo/bool.go:23.26,24.13 1 15
github.com/Kunde21/numgo/bool.go:27.3,28.20 2 15
github.com/Kunde21/numgo/bool.go:24.13,26.4 1 0
github.com/Kunde21/numgo/bool.go:37.42,40.3 2 15
github.com/Kunde21/numgo/bool.go:46.43,49.26 3 15
github.com/Kunde21/numgo/bool.go:57.2,63.42 6 15
github.com/Kunde21/numgo/bool.go:67.2,68.8 2 15
github.com/Kunde21/numgo/bool.go:49.26,50.13 1 34
github.com/Kunde21/numgo/bool.go:53.3,54.20 2 34
github.com/Kunde21/numgo/bool.go:50.13,52.4 1 0
github.com/Kunde21/numgo/bool.go:63.42,66.3 2 34
github.com/Kunde21/numgo/bool.go:73.48,75.14 2 15
github.com/Kunde21/numgo/bool.go:79.2,79.35 1 15
github.com/Kunde21/numgo/bool.go:82.2,82.8 1 15
github.com/Kunde21/numgo/bool.go:75.14,77.3 1 0
github.com/Kunde21/numgo/bool.go:79.35,81.3 1 15
github.com/Kunde21/numgo/bool.go:85.51,87.14 2 15
github.com/Kunde21/numgo/bool.go:91.2,91.35 1 15
github.com/Kunde21/numgo/bool.go:94.2,94.8 1 15
github.com/Kunde21/numgo/bool.go:87.14,89.3 1 0
github.com/Kunde21/numgo/bool.go:91.35,93.3 1 728
github.com/Kunde21/numgo/bool.go:98.38,102.18 3 0
github.com/Kunde21/numgo/bool.go:105.2,105.23 1 0
github.com/Kunde21/numgo/bool.go:109.2,109.14 1 0
github.com/Kunde21/numgo/bool.go:113.2,115.81 2 0
github.com/Kunde21/numgo/bool.go:141.2,141.8 1 0
github.com/Kunde21/numgo/bool.go:102.18,104.3 1 0
github.com/Kunde21/numgo/bool.go:105.23,107.3 1 0
github.com/Kunde21/numgo/bool.go:109.14,112.3 2 0
github.com/Kunde21/numgo/bool.go:115.81,118.31 2 0
github.com/Kunde21/numgo/bool.go:124.3,127.31 4 0
github.com/Kunde21/numgo/bool.go:133.3,134.38 2 0
github.com/Kunde21/numgo/bool.go:118.31,119.40 1 0
github.com/Kunde21/numgo/bool.go:119.40,121.5 1 0
github.com/Kunde21/numgo/bool.go:127.31,128.49 1 0
github.com/Kunde21/numgo/bool.go:128.49,130.5 1 0
github.com/Kunde21/numgo/bool.go:134.38,136.18 2 0
github.com/Kunde21/numgo/bool.go:136.18,138.5 1 0
github.com/Kunde21/numgo/bool.go:147.48,148.18 1 0
github.com/Kunde21/numgo/bool.go:151.2,151.14 1 0
github.com/Kunde21/numgo/bool.go:156.2,161.26 5 0
github.com/Kunde21/numgo/bool.go:170.2,170.31 1 0
github.com/Kunde21/numgo/bool.go:175.2,177.42 3 0
github.com/Kunde21/numgo/bool.go:181.2,184.10 3 0
github.com/Kunde21/numgo/bool.go:148.18,150.3 1 0
github.com/Kunde21/numgo/bool.go:151.14,154.3 2 0
github.com/Kunde21/numgo/bool.go:161.26,162.12 1 0
github.com/Kunde21/numgo/bool.go:166.3,167.20 2 0
github.com/Kunde21/numgo/bool.go:162.12,165.4 2 0
github.com/Kunde21/numgo/bool.go:170.31,173.3 2 0
github.com/Kunde21/numgo/bool.go:177.42,180.3 2 0
github.com/Kunde21/numgo/bool.go:188.34,189.18 1 0
github.com/Kunde21/numgo/bool.go:192.2,192.14 1 0
github.com/Kunde21/numgo/bool.go:197.2,198.27 2 0
github.com/Kunde21/numgo/bool.go:201.2,201.8 1 0
github.com/Kunde21/numgo/bool.go:189.18,191.3 1 0
github.com/Kunde21/numgo/bool.go:192.14,195.3 2 0
github.com/Kunde21/numgo/bool.go:198.27,200.3 1 0
github.com/Kunde21/numgo/bool.go:207.40,208.18 1 2
github.com/Kunde21/numgo/bool.go:211.2,211.14 1 2
github.com/Kunde21/numgo/bool.go:215.2,215.32 1 2
github.com/Kunde21/numgo/bool.go:220.2,221.26 2 2
github.com/Kunde21/numgo/bool.go:227.2,228.11 2 2
github.com/Kunde21/numgo/bool.go:208.18,210.3 1 0
github.com/Kunde21/numgo/bool.go:211.14,214.3 2 0
github.com/Kunde21/numgo/bool.go:215.32,218.3 2 0
github.com/Kunde21/numgo/bool.go:221.26,222.29 1 2
github.com/Kunde21/numgo/bool.go:225.3,225.36 1 2
github.com/Kunde21/numgo/bool.go:222.29,224.4 1 0
github.com/Kunde21/numgo/bool.go:233.58,234.18 1 0
github.com/Kunde21/numgo/bool.go:237.2,237.14 1 0
github.com/Kunde21/numgo/bool.go:242.2,243.26 2 0
github.com/Kunde21/numgo/bool.go:250.2,250.68 1 0
github.com/Kunde21/numgo/bool.go:234.18,236.3 1 0
github.com/Kunde21/numgo/bool.go:237.14,240.3 2 0
github.com/Kunde21/numgo/bool.go:243.26,244.29 1 0
github.com/Kunde21/numgo/bool.go:248.3,248.36 1 0
github.com/Kunde21/numgo/bool.go:244.29,247.4 2 0
github.com/Kunde21/numgo/bool.go:257.53,258.18 1 0
github.com/Kunde21/numgo/bool.go:261.2,261.14 1 0
github.com/Kunde21/numgo/bool.go:266.2,266.31 1 0
github.com/Kunde21/numgo/bool.go:271.2,272.26 2 0
github.com/Kunde21/numgo/bool.go:279.2,282.8 3 0
github.com/Kunde21/numgo/bool.go:258.18,260.3 1 0
github.com/Kunde21/numgo/bool.go:261.14,264.3 2 0
github.com/Kunde21/numgo/bool.go:266.31,269.3 2 0
github.com/Kunde21/numgo/bool.go:272.26,273.29 1 0
github.com/Kunde21/numgo/bool.go:276.3,276.36 1 0
github.com/Kunde21/numgo/bool.go:273.29,275.4 1 0
github.com/Kunde21/numgo/boolOps.go:7.48,8.34 1 15
github.com/Kunde21/numgo/boolOps.go:11.2,11.26 1 15
github.com/Kunde21/numgo/boolOps.go:16.2,21.33 5 15
github.com/Kunde21/numgo/boolOps.go:25.2,25.70 1 15
github.com/Kunde21/numgo/boolOps.go:32.2,36.27 4 15
github.com/Kunde21/numgo/boolOps.go:47.2,47.27 1 15
github.com/Kunde21/numgo/boolOps.go:51.2,51.8 1 15
github.com/Kunde21/numgo/boolOps.go:8.34,10.3 1 0
github.com/Kunde21/numgo/boolOps.go:11.26,14.3 2 0
github.com/Kunde21/numgo/boolOps.go:21.33,24.3 2 0
github.com/Kunde21/numgo/boolOps.go:25.70,26.31 1 34
github.com/Kunde21/numgo/boolOps.go:26.31,29.4 2 0
github.com/Kunde21/numgo/boolOps.go:36.27,37.18 1 11
github.com/Kunde21/numgo/boolOps.go:37.18,38.29 1 11
github.com/Kunde21/numgo/boolOps.go:43.4,43.26 1 11
github.com/Kunde21/numgo/boolOps.go:38.29,39.38 1 640
github.com/Kunde21/numgo/boolOps.go:39.38,41.6 1 385
github.com/Kunde21/numgo/boolOps.go:47.27,49.3 1 11
github.com/Kunde21/numgo/boolOps.go:55.43,56.18 1 6
github.com/Kunde21/numgo/boolOps.go:59.2,59.14 1 6
github.com/Kunde21/numgo/boolOps.go:64.2,64.20 1 6
github.com/Kunde21/numgo/boolOps.go:74.2,74.25 1 2
github.com/Kunde21/numgo/boolOps.go:81.2,83.42 3 2
github.com/Kunde21/numgo/boolOps.go:97.2,98.33 2 2
github.com/Kunde21/numgo/boolOps.go:119.2,123.30 4 2
github.com/Kunde21/numgo/boolOps.go:127.2,129.10 3 2
github.com/Kunde21/numgo/boolOps.go:56.18,58.3 1 0
github.com/Kunde21/numgo/boolOps.go:59.14,62.3 2 0
github.com/Kunde21/numgo/boolOps.go:64.20,65.28 1 4
github.com/Kunde21/numgo/boolOps.go:70.3,70.25 1 1
github.com/Kunde21/numgo/boolOps.go:65.28,66.9 1 22
github.com/Kunde21/numgo/boolOps.go:66.9,68.5 1 3
github.com/Kunde21/numgo/boolOps.go:74.25,75.32 1 4
github.com/Kunde21/numgo/boolOps.go:75.32,78.4 2 0
github.com/Kunde21/numgo/boolOps.go:83.42,85.26 2 8
github.com/Kunde21/numgo/boolOps.go:91.3,91.11 1 8
github.com/Kunde21/numgo/boolOps.go:85.26,86.14 1 14
github.com/Kunde21/numgo/boolOps.go:86.14,88.10 2 4
github.com/Kunde21/numgo/boolOps.go:91.11,94.4 2 4
github.com/Kunde21/numgo/boolOps.go:98.33,102.57 2 4
github.com/Kunde21/numgo/boolOps.go:110.3,111.37 2 4
github.com/Kunde21/numgo/boolOps.go:117.3,117.35 1 4
github.com/Kunde21/numgo/boolOps.go:102.57,103.34 1 17
github.com/Kunde21/numgo/boolOps.go:103.34,104.43 1 147
github.com/Kunde21/numgo/boolOps.go:104.43,106.6 1 213
github.com/Kunde21/numgo/boolOps.go:111.37,115.4 3 13
github.com/Kunde21/numgo/boolOps.go:123.30,126.3 2 4
github.com/Kunde21/numgo/boolOps.go:133.43,134.18 1 12
github.com/Kunde21/numgo/boolOps.go:137.2,137.14 1 12
github.com/Kunde21/numgo/boolOps.go:142.2,142.20 1 12
github.com/Kunde21/numgo/boolOps.go:152.2,152.25 1 1
github.com/Kunde21/numgo/boolOps.go:159.2,161.42 3 1
github.com/Kunde21/numgo/boolOps.go:175.2,176.33 2 1
github.com/Kunde21/numgo/boolOps.go:197.2,201.30 4 1
github.com/Kunde21/numgo/boolOps.go:205.2,207.10 3 1
github.com/Kunde21/numgo/boolOps.go:134.18,136.3 1 0
github.com/Kunde21/numgo/boolOps.go:137.14,140.3 2 0
github.com/Kunde21/numgo/boolOps.go:142.20,143.28 1 11
github.com/Kunde21/numgo/boolOps.go:148.3,148.24 1 8
github.com/Kunde21/numgo/boolOps.go:143.28,144.10 1 222
github.com/Kunde21/numgo/boolOps.go:144.10,146.5 1 3
github.com/Kunde21/numgo/boolOps.go:152.25,153.32 1 2
github.com/Kunde21/numgo/boolOps.go:153.32,156.4 2 0
github.com/Kunde21/numgo/boolOps.go:161.42,163.26 2 4
github.com/Kunde21/numgo/boolOps.go:169.3,169.11 1 4
github.com/Kunde21/numgo/boolOps.go:163.26,164.14 1 7
github.com/Kunde21/numgo/boolOps.go:164.14,166.10 2 2
github.com/Kunde21/numgo/boolOps.go:169.11,172.4 2 2
github.com/Kunde21/numgo/boolOps.go:176.33,180.57 2 2
github.com/Kunde21/numgo/boolOps.go:188.3,189.37 2 2
github.com/Kunde21/numgo/boolOps.go:195.3,195.35 1 2
github.com/Kunde21/numgo/boolOps.go:180.57,181.34 1 4
github.com/Kunde21/numgo/boolOps.go:181.34,182.43 1 75
github.com/Kunde21/numgo/boolOps.go:182.43,184.6 1 105
github.com/Kunde21/numgo/boolOps.go:189.37,193.4 3 2
github.com/Kunde21/numgo/boolOps.go:201.30,204.3 2 2
github.com/Kunde21/numgo/boolOps.go:211.39,212.18 1 0
github.com/Kunde21/numgo/boolOps.go:215.2,215.14 1 0
github.com/Kunde21/numgo/boolOps.go:220.2,220.27 1 0
github.com/Kunde21/numgo/boolOps.go:225.2,225.8 1 0
github.com/Kunde21/numgo/boolOps.go:212.18,214.3 1 0
github.com/Kunde21/numgo/boolOps.go:215.14,218.3 2 0
github.com/Kunde21/numgo/boolOps.go:220.27,221.22 1 0
github.com/Kunde21/numgo/boolOps.go:221.22,223.4 1 0
github.com/Kunde21/numgo/error.go:7.34,9.2 1 0
github.com/Kunde21/numgo/error.go:38.32,40.2 1 0
github.com/Kunde21/numgo/error.go:47.39,51.2 3 0
github.com/Kunde21/numgo/error.go:58.55,62.2 3 0
github.com/Kunde21/numgo/error.go:70.32,72.2 1 0
github.com/Kunde21/numgo/error.go:79.39,83.2 3 0
github.com/Kunde21/numgo/error.go:90.55,94.2 3 0
